# JRE version: OpenJDK Runtime Environment (8.0_202-b03) (build 1.8.0_202-release-1483-b03)
# Java VM: OpenJDK 64-Bit Server VM (25.202-b03 mixed mode windows-amd64 compressed oops)
Heap:
 PSYoungGen      total 184320K, used 181050K [0x00000000f0000000, 0x00000000fe380000, 0x0000000100000000)
  eden space 166400K, 98% used [0x00000000f0000000,0x00000000f9f533b8,0x00000000fa280000)
  from space 17920K, 99% used [0x00000000fa280000,0x00000000fb3fb5d8,0x00000000fb400000)
  to   space 22016K, 0% used [0x00000000fce00000,0x00000000fce00000,0x00000000fe380000)
 ParOldGen       total 129536K, used 34790K [0x00000000d0000000, 0x00000000d7e80000, 0x00000000f0000000)
  object space 129536K, 26% used [0x00000000d0000000,0x00000000d21f99e0,0x00000000d7e80000)
 Metaspace       used 72059K, capacity 75004K, committed 75224K, reserved 1114112K
  class space    used 9519K, capacity 10189K, committed 10240K, reserved 1048576K
GC Heap History (10 events):
Event: 29.611 GC heap before
{Heap before GC invocations=18 (full 2):
 PSYoungGen      total 122880K, used 25183K [0x00000000f0000000, 0x00000000fad00000, 0x0000000100000000)
  eden space 111104K, 12% used [0x00000000f0000000,0x00000000f0d1a518,0x00000000f6c80000)
  from space 11776K, 99% used [0x00000000f6c80000,0x00000000f77fd948,0x00000000f7800000)
  to   space 16896K, 0% used [0x00000000f9c80000,0x00000000f9c80000,0x00000000fad00000)
 ParOldGen       total 91648K, used 29258K [0x00000000d0000000, 0x00000000d5980000, 0x00000000f0000000)
  object space 91648K, 31% used [0x00000000d0000000,0x00000000d1c92850,0x00000000d5980000)
 Metaspace       used 57289K, capacity 59074K, committed 59096K, reserved 1099776K
  class space    used 7517K, capacity 7925K, committed 7936K, reserved 1048576K
Event: 29.626 GC heap after
Heap after GC invocations=18 (full 2):
 PSYoungGen      total 161280K, used 8396K [0x00000000f0000000, 0x00000000fb180000, 0x0000000100000000)
  eden space 144384K, 0% used [0x00000000f0000000,0x00000000f0000000,0x00000000f8d00000)
  from space 16896K, 49% used [0x00000000f9c80000,0x00000000fa4b3380,0x00000000fad00000)
  to   space 15872K, 0% used [0x00000000f8d00000,0x00000000f8d00000,0x00000000f9c80000)
 ParOldGen       total 91648K, used 31806K [0x00000000d0000000, 0x00000000d5980000, 0x00000000f0000000)
  object space 91648K, 34% used [0x00000000d0000000,0x00000000d1f0fb38,0x00000000d5980000)
 Metaspace       used 57289K, capacity 59074K, committed 59096K, reserved 1099776K
  class space    used 7517K, capacity 7925K, committed 7936K, reserved 1048576K
}
Event: 29.626 GC heap before
{Heap before GC invocations=19 (full 3):
 PSYoungGen      total 161280K, used 8396K [0x00000000f0000000, 0x00000000fb180000, 0x0000000100000000)
  eden space 144384K, 0% used [0x00000000f0000000,0x00000000f0000000,0x00000000f8d00000)
  from space 16896K, 49% used [0x00000000f9c80000,0x00000000fa4b3380,0x00000000fad00000)
  to   space 15872K, 0% used [0x00000000f8d00000,0x00000000f8d00000,0x00000000f9c80000)
 ParOldGen       total 91648K, used 31806K [0x00000000d0000000, 0x00000000d5980000, 0x00000000f0000000)
  object space 91648K, 34% used [0x00000000d0000000,0x00000000d1f0fb38,0x00000000d5980000)
 Metaspace       used 57289K, capacity 59074K, committed 59096K, reserved 1099776K
  class space    used 7517K, capacity 7925K, committed 7936K, reserved 1048576K
Event: 30.095 GC heap after
Heap after GC invocations=19 (full 3):
 PSYoungGen      total 161280K, used 0K [0x00000000f0000000, 0x00000000fb180000, 0x0000000100000000)
  eden space 144384K, 0% used [0x00000000f0000000,0x00000000f0000000,0x00000000f8d00000)
  from space 16896K, 0% used [0x00000000f9c80000,0x00000000f9c80000,0x00000000fad00000)
  to   space 15872K, 0% used [0x00000000f8d00000,0x00000000f8d00000,0x00000000f9c80000)
 ParOldGen       total 129536K, used 30919K [0x00000000d0000000, 0x00000000d7e80000, 0x00000000f0000000)
  object space 129536K, 23% used [0x00000000d0000000,0x00000000d1e31f88,0x00000000d7e80000)
 Metaspace       used 57194K, capacity 58850K, committed 59096K, reserved 1099776K
  class space    used 7490K, capacity 7889K, committed 7936K, reserved 1048576K
}
Event: 37.539 GC heap before
{Heap before GC invocations=20 (full 3):
 PSYoungGen      total 161280K, used 144384K [0x00000000f0000000, 0x00000000fb180000, 0x0000000100000000)
  eden space 144384K, 100% used [0x00000000f0000000,0x00000000f8d00000,0x00000000f8d00000)
  from space 16896K, 0% used [0x00000000f9c80000,0x00000000f9c80000,0x00000000fad00000)
  to   space 15872K, 0% used [0x00000000f8d00000,0x00000000f8d00000,0x00000000f9c80000)
 ParOldGen       total 129536K, used 30919K [0x00000000d0000000, 0x00000000d7e80000, 0x00000000f0000000)
  object space 129536K, 23% used [0x00000000d0000000,0x00000000d1e31f88,0x00000000d7e80000)
 Metaspace       used 63961K, capacity 66026K, committed 66392K, reserved 1105920K
  class space    used 8499K, capacity 8962K, committed 9088K, reserved 1048576K
Event: 37.559 GC heap after
Heap after GC invocations=20 (full 3):
 PSYoungGen      total 160256K, used 10738K [0x00000000f0000000, 0x00000000fc580000, 0x0000000100000000)
  eden space 144384K, 0% used [0x00000000f0000000,0x00000000f0000000,0x00000000f8d00000)
  from space 15872K, 67% used [0x00000000f8d00000,0x00000000f977c888,0x00000000f9c80000)
  to   space 16384K, 0% used [0x00000000fb580000,0x00000000fb580000,0x00000000fc580000)
 ParOldGen       total 129536K, used 30927K [0x00000000d0000000, 0x00000000d7e80000, 0x00000000f0000000)
  object space 129536K, 23% used [0x00000000d0000000,0x00000000d1e33f88,0x00000000d7e80000)
 Metaspace       used 63961K, capacity 66026K, committed 66392K, reserved 1105920K
  class space    used 8499K, capacity 8962K, committed 9088K, reserved 1048576K
}
Event: 49.165 GC heap before
{Heap before GC invocations=21 (full 3):
 PSYoungGen      total 160256K, used 155122K [0x00000000f0000000, 0x00000000fc580000, 0x0000000100000000)
  eden space 144384K, 100% used [0x00000000f0000000,0x00000000f8d00000,0x00000000f8d00000)
  from space 15872K, 67% used [0x00000000f8d00000,0x00000000f977c888,0x00000000f9c80000)
  to   space 16384K, 0% used [0x00000000fb580000,0x00000000fb580000,0x00000000fc580000)
 ParOldGen       total 129536K, used 30927K [0x00000000d0000000, 0x00000000d7e80000, 0x00000000f0000000)
  object space 129536K, 23% used [0x00000000d0000000,0x00000000d1e33f88,0x00000000d7e80000)
 Metaspace       used 69545K, capacity 72136K, committed 72408K, reserved 1112064K
  class space    used 9298K, capacity 9897K, committed 9984K, reserved 1048576K
Event: 49.204 GC heap after
Heap after GC invocations=21 (full 3):
 PSYoungGen      total 182784K, used 16185K [0x00000000f0000000, 0x00000000fc580000, 0x0000000100000000)
  eden space 166400K, 0% used [0x00000000f0000000,0x00000000f0000000,0x00000000fa280000)
  from space 16384K, 98% used [0x00000000fb580000,0x00000000fc54e458,0x00000000fc580000)
  to   space 17920K, 0% used [0x00000000fa280000,0x00000000fa280000,0x00000000fb400000)
 ParOldGen       total 129536K, used 30935K [0x00000000d0000000, 0x00000000d7e80000, 0x00000000f0000000)
  object space 129536K, 23% used [0x00000000d0000000,0x00000000d1e35f88,0x00000000d7e80000)
 Metaspace       used 69545K, capacity 72136K, committed 72408K, reserved 1112064K
  class space    used 9298K, capacity 9897K, committed 9984K, reserved 1048576K
}
Event: 56.933 GC heap before
{Heap before GC invocations=22 (full 3):
 PSYoungGen      total 182784K, used 182585K [0x00000000f0000000, 0x00000000fc580000, 0x0000000100000000)
  eden space 166400K, 100% used [0x00000000f0000000,0x00000000fa280000,0x00000000fa280000)
  from space 16384K, 98% used [0x00000000fb580000,0x00000000fc54e458,0x00000000fc580000)
  to   space 17920K, 0% used [0x00000000fa280000,0x00000000fa280000,0x00000000fb400000)
 ParOldGen       total 129536K, used 30935K [0x00000000d0000000, 0x00000000d7e80000, 0x00000000f0000000)
  object space 129536K, 23% used [0x00000000d0000000,0x00000000d1e35f88,0x00000000d7e80000)
 Metaspace       used 71112K, capacity 73716K, committed 74072K, reserved 1114112K
  class space    used 9390K, capacity 9987K, committed 10112K, reserved 1048576K
Event: 56.965 GC heap after
Heap after GC invocations=22 (full 3):
 PSYoungGen      total 184320K, used 17901K [0x00000000f0000000, 0x00000000fe380000, 0x0000000100000000)
  eden space 166400K, 0% used [0x00000000f0000000,0x00000000f0000000,0x00000000fa280000)
  from space 17920K, 99% used [0x00000000fa280000,0x00000000fb3fb5d8,0x00000000fb400000)
  to   space 22016K, 0% used [0x00000000fce00000,0x00000000fce00000,0x00000000fe380000)
 ParOldGen       total 129536K, used 34790K [0x00000000d0000000, 0x00000000d7e80000, 0x00000000f0000000)
  object space 129536K, 26% used [0x00000000d0000000,0x00000000d21f99e0,0x00000000d7e80000)
 Metaspace       used 71112K, capacity 73716K, committed 74072K, reserved 1114112K
  class space    used 9390K, capacity 9987K, committed 10112K, reserved 1048576K
}

