# JRE version: OpenJDK Runtime Environment (8.0_202-b03) (build 1.8.0_202-release-1483-b03)
# Java VM: OpenJDK 64-Bit Server VM (25.202-b03 mixed mode windows-amd64 compressed oops)
Heap:
 PSYoungGen      total 38400K, used 7393K [0x00000000f0000000, 0x00000000f2a80000, 0x0000000100000000)
  eden space 33280K, 6% used [0x00000000f0000000,0x00000000f023c510,0x00000000f2080000)
  from space 5120K, 99% used [0x00000000f2580000,0x00000000f2a7c030,0x00000000f2a80000)
  to   space 5120K, 0% used [0x00000000f2080000,0x00000000f2080000,0x00000000f2580000)
 ParOldGen       total 87552K, used 4945K [0x00000000d0000000, 0x00000000d5580000, 0x00000000f0000000)
  object space 87552K, 5% used [0x00000000d0000000,0x00000000d04d4468,0x00000000d5580000)
 Metaspace       used 16083K, capacity 16484K, committed 16640K, reserved 1062912K
  class space    used 2294K, capacity 2456K, committed 2560K, reserved 1048576K
GC Heap History (8 events):
Event: 2.170 GC heap before
{Heap before GC invocations=1 (full 0):
 PSYoungGen      total 38400K, used 33280K [0x00000000f0000000, 0x00000000f2a80000, 0x0000000100000000)
  eden space 33280K, 100% used [0x00000000f0000000,0x00000000f2080000,0x00000000f2080000)
  from space 5120K, 0% used [0x00000000f2580000,0x00000000f2580000,0x00000000f2a80000)
  to   space 5120K, 0% used [0x00000000f2080000,0x00000000f2080000,0x00000000f2580000)
 ParOldGen       total 87552K, used 0K [0x00000000d0000000, 0x00000000d5580000, 0x00000000f0000000)
  object space 87552K, 0% used [0x00000000d0000000,0x00000000d0000000,0x00000000d5580000)
 Metaspace       used 6655K, capacity 6852K, committed 7040K, reserved 1056768K
  class space    used 811K, capacity 844K, committed 896K, reserved 1048576K
Event: 2.178 GC heap after
Heap after GC invocations=1 (full 0):
 PSYoungGen      total 38400K, used 4159K [0x00000000f0000000, 0x00000000f2a80000, 0x0000000100000000)
  eden space 33280K, 0% used [0x00000000f0000000,0x00000000f0000000,0x00000000f2080000)
  from space 5120K, 81% used [0x00000000f2080000,0x00000000f248fcb0,0x00000000f2580000)
  to   space 5120K, 0% used [0x00000000f2580000,0x00000000f2580000,0x00000000f2a80000)
 ParOldGen       total 87552K, used 8K [0x00000000d0000000, 0x00000000d5580000, 0x00000000f0000000)
  object space 87552K, 0% used [0x00000000d0000000,0x00000000d0002000,0x00000000d5580000)
 Metaspace       used 6655K, capacity 6852K, committed 7040K, reserved 1056768K
  class space    used 811K, capacity 844K, committed 896K, reserved 1048576K
}
Event: 3.222 GC heap before
{Heap before GC invocations=2 (full 0):
 PSYoungGen      total 38400K, used 37439K [0x00000000f0000000, 0x00000000f2a80000, 0x0000000100000000)
  eden space 33280K, 100% used [0x00000000f0000000,0x00000000f2080000,0x00000000f2080000)
  from space 5120K, 81% used [0x00000000f2080000,0x00000000f248fcb0,0x00000000f2580000)
  to   space 5120K, 0% used [0x00000000f2580000,0x00000000f2580000,0x00000000f2a80000)
 ParOldGen       total 87552K, used 8K [0x00000000d0000000, 0x00000000d5580000, 0x00000000f0000000)
  object space 87552K, 0% used [0x00000000d0000000,0x00000000d0002018,0x00000000d5580000)
 Metaspace       used 8560K, capacity 8798K, committed 8960K, reserved 1056768K
  class space    used 1100K, capacity 1173K, committed 1280K, reserved 1048576K
Event: 3.227 GC heap after
Heap after GC invocations=2 (full 0):
 PSYoungGen      total 38400K, used 4317K [0x00000000f0000000, 0x00000000f2a80000, 0x0000000100000000)
  eden space 33280K, 0% used [0x00000000f0000000,0x00000000f0000000,0x00000000f2080000)
  from space 5120K, 84% used [0x00000000f2580000,0x00000000f29b77b0,0x00000000f2a80000)
  to   space 5120K, 0% used [0x00000000f2080000,0x00000000f2080000,0x00000000f2580000)
 ParOldGen       total 87552K, used 16K [0x00000000d0000000, 0x00000000d5580000, 0x00000000f0000000)
  object space 87552K, 0% used [0x00000000d0000000,0x00000000d0004018,0x00000000d5580000)
 Metaspace       used 8560K, capacity 8798K, committed 8960K, reserved 1056768K
  class space    used 1100K, capacity 1173K, committed 1280K, reserved 1048576K
}
Event: 9.889 GC heap before
{Heap before GC invocations=3 (full 0):
 PSYoungGen      total 38400K, used 37597K [0x00000000f0000000, 0x00000000f2a80000, 0x0000000100000000)
  eden space 33280K, 100% used [0x00000000f0000000,0x00000000f2080000,0x00000000f2080000)
  from space 5120K, 84% used [0x00000000f2580000,0x00000000f29b77b0,0x00000000f2a80000)
  to   space 5120K, 0% used [0x00000000f2080000,0x00000000f2080000,0x00000000f2580000)
 ParOldGen       total 87552K, used 54K [0x00000000d0000000, 0x00000000d5580000, 0x00000000f0000000)
  object space 87552K, 0% used [0x00000000d0000000,0x00000000d000dbd8,0x00000000d5580000)
 Metaspace       used 13120K, capacity 13454K, committed 13824K, reserved 1060864K
  class space    used 1806K, capacity 1931K, committed 2048K, reserved 1048576K
Event: 9.899 GC heap after
Heap after GC invocations=3 (full 0):
 PSYoungGen      total 38400K, used 5107K [0x00000000f0000000, 0x00000000f2a80000, 0x0000000100000000)
  eden space 33280K, 0% used [0x00000000f0000000,0x00000000f0000000,0x00000000f2080000)
  from space 5120K, 99% used [0x00000000f2080000,0x00000000f257ce28,0x00000000f2580000)
  to   space 5120K, 0% used [0x00000000f2580000,0x00000000f2580000,0x00000000f2a80000)
 ParOldGen       total 87552K, used 1830K [0x00000000d0000000, 0x00000000d5580000, 0x00000000f0000000)
  object space 87552K, 2% used [0x00000000d0000000,0x00000000d01c9860,0x00000000d5580000)
 Metaspace       used 13120K, capacity 13454K, committed 13824K, reserved 1060864K
  class space    used 1806K, capacity 1931K, committed 2048K, reserved 1048576K
}
Event: 10.422 GC heap before
{Heap before GC invocations=4 (full 0):
 PSYoungGen      total 38400K, used 38387K [0x00000000f0000000, 0x00000000f2a80000, 0x0000000100000000)
  eden space 33280K, 100% used [0x00000000f0000000,0x00000000f2080000,0x00000000f2080000)
  from space 5120K, 99% used [0x00000000f2080000,0x00000000f257ce28,0x00000000f2580000)
  to   space 5120K, 0% used [0x00000000f2580000,0x00000000f2580000,0x00000000f2a80000)
 ParOldGen       total 87552K, used 1830K [0x00000000d0000000, 0x00000000d5580000, 0x00000000f0000000)
  object space 87552K, 2% used [0x00000000d0000000,0x00000000d01c9860,0x00000000d5580000)
 Metaspace       used 15765K, capacity 16164K, committed 16256K, reserved 1062912K
  class space    used 2252K, capacity 2392K, committed 2432K, reserved 1048576K
Event: 10.433 GC heap after
Heap after GC invocations=4 (full 0):
 PSYoungGen      total 38400K, used 5104K [0x00000000f0000000, 0x00000000f2a80000, 0x0000000100000000)
  eden space 33280K, 0% used [0x00000000f0000000,0x00000000f0000000,0x00000000f2080000)
  from space 5120K, 99% used [0x00000000f2580000,0x00000000f2a7c030,0x00000000f2a80000)
  to   space 5120K, 0% used [0x00000000f2080000,0x00000000f2080000,0x00000000f2580000)
 ParOldGen       total 87552K, used 4945K [0x00000000d0000000, 0x00000000d5580000, 0x00000000f0000000)
  object space 87552K, 5% used [0x00000000d0000000,0x00000000d04d4468,0x00000000d5580000)
 Metaspace       used 15765K, capacity 16164K, committed 16256K, reserved 1062912K
  class space    used 2252K, capacity 2392K, committed 2432K, reserved 1048576K
}

