# JRE version: OpenJDK Runtime Environment (8.0_202-b03) (build 1.8.0_202-release-1483-b03)
# Java VM: OpenJDK 64-Bit Server VM (25.202-b03 mixed mode windows-amd64 compressed oops)
Heap:
 PSYoungGen      total 38400K, used 31659K [0x00000000f0000000, 0x00000000f2a80000, 0x0000000100000000)
  eden space 33280K, 79% used [0x00000000f0000000,0x00000000f19eb378,0x00000000f2080000)
  from space 5120K, 99% used [0x00000000f2080000,0x00000000f257fab8,0x00000000f2580000)
  to   space 5120K, 0% used [0x00000000f2580000,0x00000000f2580000,0x00000000f2a80000)
 ParOldGen       total 87552K, used 1807K [0x00000000d0000000, 0x00000000d5580000, 0x00000000f0000000)
  object space 87552K, 2% used [0x00000000d0000000,0x00000000d01c3f00,0x00000000d5580000)
 Metaspace       used 15128K, capacity 15496K, committed 15616K, reserved 1062912K
  class space    used 2151K, capacity 2286K, committed 2304K, reserved 1048576K
GC Heap History (6 events):
Event: 3.501 GC heap before
{Heap before GC invocations=1 (full 0):
 PSYoungGen      total 38400K, used 33280K [0x00000000f0000000, 0x00000000f2a80000, 0x0000000100000000)
  eden space 33280K, 100% used [0x00000000f0000000,0x00000000f2080000,0x00000000f2080000)
  from space 5120K, 0% used [0x00000000f2580000,0x00000000f2580000,0x00000000f2a80000)
  to   space 5120K, 0% used [0x00000000f2080000,0x00000000f2080000,0x00000000f2580000)
 ParOldGen       total 87552K, used 0K [0x00000000d0000000, 0x00000000d5580000, 0x00000000f0000000)
  object space 87552K, 0% used [0x00000000d0000000,0x00000000d0000000,0x00000000d5580000)
 Metaspace       used 6654K, capacity 6852K, committed 7040K, reserved 1056768K
  class space    used 811K, capacity 844K, committed 896K, reserved 1048576K
Event: 3.509 GC heap after
Heap after GC invocations=1 (full 0):
 PSYoungGen      total 38400K, used 4207K [0x00000000f0000000, 0x00000000f2a80000, 0x0000000100000000)
  eden space 33280K, 0% used [0x00000000f0000000,0x00000000f0000000,0x00000000f2080000)
  from space 5120K, 82% used [0x00000000f2080000,0x00000000f249bcc0,0x00000000f2580000)
  to   space 5120K, 0% used [0x00000000f2580000,0x00000000f2580000,0x00000000f2a80000)
 ParOldGen       total 87552K, used 8K [0x00000000d0000000, 0x00000000d5580000, 0x00000000f0000000)
  object space 87552K, 0% used [0x00000000d0000000,0x00000000d0002000,0x00000000d5580000)
 Metaspace       used 6654K, capacity 6852K, committed 7040K, reserved 1056768K
  class space    used 811K, capacity 844K, committed 896K, reserved 1048576K
}
Event: 4.747 GC heap before
{Heap before GC invocations=2 (full 0):
 PSYoungGen      total 38400K, used 37487K [0x00000000f0000000, 0x00000000f2a80000, 0x0000000100000000)
  eden space 33280K, 100% used [0x00000000f0000000,0x00000000f2080000,0x00000000f2080000)
  from space 5120K, 82% used [0x00000000f2080000,0x00000000f249bcc0,0x00000000f2580000)
  to   space 5120K, 0% used [0x00000000f2580000,0x00000000f2580000,0x00000000f2a80000)
 ParOldGen       total 87552K, used 8K [0x00000000d0000000, 0x00000000d5580000, 0x00000000f0000000)
  object space 87552K, 0% used [0x00000000d0000000,0x00000000d0002000,0x00000000d5580000)
 Metaspace       used 8577K, capacity 8798K, committed 8960K, reserved 1056768K
  class space    used 1100K, capacity 1173K, committed 1280K, reserved 1048576K
Event: 4.756 GC heap after
Heap after GC invocations=2 (full 0):
 PSYoungGen      total 38400K, used 4317K [0x00000000f0000000, 0x00000000f2a80000, 0x0000000100000000)
  eden space 33280K, 0% used [0x00000000f0000000,0x00000000f0000000,0x00000000f2080000)
  from space 5120K, 84% used [0x00000000f2580000,0x00000000f29b77b0,0x00000000f2a80000)
  to   space 5120K, 0% used [0x00000000f2080000,0x00000000f2080000,0x00000000f2580000)
 ParOldGen       total 87552K, used 16K [0x00000000d0000000, 0x00000000d5580000, 0x00000000f0000000)
  object space 87552K, 0% used [0x00000000d0000000,0x00000000d0004000,0x00000000d5580000)
 Metaspace       used 8577K, capacity 8798K, committed 8960K, reserved 1056768K
  class space    used 1100K, capacity 1173K, committed 1280K, reserved 1048576K
}
Event: 13.339 GC heap before
{Heap before GC invocations=3 (full 0):
 PSYoungGen      total 38400K, used 37597K [0x00000000f0000000, 0x00000000f2a80000, 0x0000000100000000)
  eden space 33280K, 100% used [0x00000000f0000000,0x00000000f2080000,0x00000000f2080000)
  from space 5120K, 84% used [0x00000000f2580000,0x00000000f29b77b0,0x00000000f2a80000)
  to   space 5120K, 0% used [0x00000000f2080000,0x00000000f2080000,0x00000000f2580000)
 ParOldGen       total 87552K, used 16K [0x00000000d0000000, 0x00000000d5580000, 0x00000000f0000000)
  object space 87552K, 0% used [0x00000000d0000000,0x00000000d0004000,0x00000000d5580000)
 Metaspace       used 13123K, capacity 13490K, committed 13824K, reserved 1060864K
  class space    used 1806K, capacity 1953K, committed 2048K, reserved 1048576K
Event: 13.349 GC heap after
Heap after GC invocations=3 (full 0):
 PSYoungGen      total 38400K, used 5118K [0x00000000f0000000, 0x00000000f2a80000, 0x0000000100000000)
  eden space 33280K, 0% used [0x00000000f0000000,0x00000000f0000000,0x00000000f2080000)
  from space 5120K, 99% used [0x00000000f2080000,0x00000000f257fab8,0x00000000f2580000)
  to   space 5120K, 0% used [0x00000000f2580000,0x00000000f2580000,0x00000000f2a80000)
 ParOldGen       total 87552K, used 1807K [0x00000000d0000000, 0x00000000d5580000, 0x00000000f0000000)
  object space 87552K, 2% used [0x00000000d0000000,0x00000000d01c3f00,0x00000000d5580000)
 Metaspace       used 13123K, capacity 13490K, committed 13824K, reserved 1060864K
  class space    used 1806K, capacity 1953K, committed 2048K, reserved 1048576K
}

