# JRE version: OpenJDK Runtime Environment (8.0_202-b03) (build 1.8.0_202-release-1483-b03)
# Java VM: OpenJDK 64-Bit Server VM (25.202-b03 mixed mode windows-amd64 compressed oops)
Heap:
 PSYoungGen      total 89600K, used 58977K [0x00000000f0000000, 0x00000000f6280000, 0x0000000100000000)
  eden space 80384K, 61% used [0x00000000f0000000,0x00000000f309a758,0x00000000f4e80000)
  from space 9216K, 99% used [0x00000000f5980000,0x00000000f627e000,0x00000000f6280000)
  to   space 10240K, 0% used [0x00000000f4e80000,0x00000000f4e80000,0x00000000f5880000)
 ParOldGen       total 54272K, used 17593K [0x00000000d0000000, 0x00000000d3500000, 0x00000000f0000000)
  object space 54272K, 32% used [0x00000000d0000000,0x00000000d112e7e8,0x00000000d3500000)
 Metaspace       used 47598K, capacity 48812K, committed 48984K, reserved 1091584K
  class space    used 6412K, capacity 6725K, committed 6784K, reserved 1048576K
GC Heap History (10 events):
Event: 14.889 GC heap before
{Heap before GC invocations=10 (full 1):
 PSYoungGen      total 65024K, used 62159K [0x00000000f0000000, 0x00000000f4a00000, 0x0000000100000000)
  eden space 56320K, 100% used [0x00000000f0000000,0x00000000f3700000,0x00000000f3700000)
  from space 8704K, 67% used [0x00000000f4180000,0x00000000f4733c70,0x00000000f4a00000)
  to   space 9728K, 0% used [0x00000000f3700000,0x00000000f3700000,0x00000000f4080000)
 ParOldGen       total 54272K, used 8080K [0x00000000d0000000, 0x00000000d3500000, 0x00000000f0000000)
  object space 54272K, 14% used [0x00000000d0000000,0x00000000d07e42d0,0x00000000d3500000)
 Metaspace       used 31452K, capacity 31916K, committed 32256K, reserved 1077248K
  class space    used 4330K, capacity 4499K, committed 4608K, reserved 1048576K
Event: 14.903 GC heap after
Heap after GC invocations=10 (full 1):
 PSYoungGen      total 66048K, used 7913K [0x00000000f0000000, 0x00000000f6380000, 0x0000000100000000)
  eden space 56320K, 0% used [0x00000000f0000000,0x00000000f0000000,0x00000000f3700000)
  from space 9728K, 81% used [0x00000000f3700000,0x00000000f3eba688,0x00000000f4080000)
  to   space 10240K, 0% used [0x00000000f5980000,0x00000000f5980000,0x00000000f6380000)
 ParOldGen       total 54272K, used 8088K [0x00000000d0000000, 0x00000000d3500000, 0x00000000f0000000)
  object space 54272K, 14% used [0x00000000d0000000,0x00000000d07e62d0,0x00000000d3500000)
 Metaspace       used 31452K, capacity 31916K, committed 32256K, reserved 1077248K
  class space    used 4330K, capacity 4499K, committed 4608K, reserved 1048576K
}
Event: 16.669 GC heap before
{Heap before GC invocations=11 (full 1):
 PSYoungGen      total 66048K, used 64233K [0x00000000f0000000, 0x00000000f6380000, 0x0000000100000000)
  eden space 56320K, 100% used [0x00000000f0000000,0x00000000f3700000,0x00000000f3700000)
  from space 9728K, 81% used [0x00000000f3700000,0x00000000f3eba688,0x00000000f4080000)
  to   space 10240K, 0% used [0x00000000f5980000,0x00000000f5980000,0x00000000f6380000)
 ParOldGen       total 54272K, used 8088K [0x00000000d0000000, 0x00000000d3500000, 0x00000000f0000000)
  object space 54272K, 14% used [0x00000000d0000000,0x00000000d07e62d0,0x00000000d3500000)
 Metaspace       used 34047K, capacity 34758K, committed 34944K, reserved 1079296K
  class space    used 4688K, capacity 4894K, committed 4992K, reserved 1048576K
Event: 16.681 GC heap after
Heap after GC invocations=11 (full 1):
 PSYoungGen      total 89600K, used 7175K [0x00000000f0000000, 0x00000000f6280000, 0x0000000100000000)
  eden space 80384K, 0% used [0x00000000f0000000,0x00000000f0000000,0x00000000f4e80000)
  from space 9216K, 77% used [0x00000000f5980000,0x00000000f6081fd8,0x00000000f6280000)
  to   space 10240K, 0% used [0x00000000f4e80000,0x00000000f4e80000,0x00000000f5880000)
 ParOldGen       total 54272K, used 11380K [0x00000000d0000000, 0x00000000d3500000, 0x00000000f0000000)
  object space 54272K, 20% used [0x00000000d0000000,0x00000000d0b1d2f0,0x00000000d3500000)
 Metaspace       used 34047K, capacity 34758K, committed 34944K, reserved 1079296K
  class space    used 4688K, capacity 4894K, committed 4992K, reserved 1048576K
}
Event: 16.877 GC heap before
{Heap before GC invocations=12 (full 1):
 PSYoungGen      total 89600K, used 16032K [0x00000000f0000000, 0x00000000f6280000, 0x0000000100000000)
  eden space 80384K, 11% used [0x00000000f0000000,0x00000000f08a6208,0x00000000f4e80000)
  from space 9216K, 77% used [0x00000000f5980000,0x00000000f6081fd8,0x00000000f6280000)
  to   space 10240K, 0% used [0x00000000f4e80000,0x00000000f4e80000,0x00000000f5880000)
 ParOldGen       total 54272K, used 11380K [0x00000000d0000000, 0x00000000d3500000, 0x00000000f0000000)
  object space 54272K, 20% used [0x00000000d0000000,0x00000000d0b1d2f0,0x00000000d3500000)
 Metaspace       used 34622K, capacity 35310K, committed 35416K, reserved 1079296K
  class space    used 4752K, capacity 4972K, committed 4992K, reserved 1048576K
Event: 16.885 GC heap after
Heap after GC invocations=12 (full 1):
 PSYoungGen      total 90624K, used 1233K [0x00000000f0000000, 0x00000000f6280000, 0x0000000100000000)
  eden space 80384K, 0% used [0x00000000f0000000,0x00000000f0000000,0x00000000f4e80000)
  from space 10240K, 12% used [0x00000000f4e80000,0x00000000f4fb46c0,0x00000000f5880000)
  to   space 9216K, 0% used [0x00000000f5980000,0x00000000f5980000,0x00000000f6280000)
 ParOldGen       total 54272K, used 16057K [0x00000000d0000000, 0x00000000d3500000, 0x00000000f0000000)
  object space 54272K, 29% used [0x00000000d0000000,0x00000000d0fae790,0x00000000d3500000)
 Metaspace       used 34622K, capacity 35310K, committed 35416K, reserved 1079296K
  class space    used 4752K, capacity 4972K, committed 4992K, reserved 1048576K
}
Event: 16.885 GC heap before
{Heap before GC invocations=13 (full 2):
 PSYoungGen      total 90624K, used 1233K [0x00000000f0000000, 0x00000000f6280000, 0x0000000100000000)
  eden space 80384K, 0% used [0x00000000f0000000,0x00000000f0000000,0x00000000f4e80000)
  from space 10240K, 12% used [0x00000000f4e80000,0x00000000f4fb46c0,0x00000000f5880000)
  to   space 9216K, 0% used [0x00000000f5980000,0x00000000f5980000,0x00000000f6280000)
 ParOldGen       total 54272K, used 16057K [0x00000000d0000000, 0x00000000d3500000, 0x00000000f0000000)
  object space 54272K, 29% used [0x00000000d0000000,0x00000000d0fae790,0x00000000d3500000)
 Metaspace       used 34622K, capacity 35310K, committed 35416K, reserved 1079296K
  class space    used 4752K, capacity 4972K, committed 4992K, reserved 1048576K
Event: 17.034 GC heap after
Heap after GC invocations=13 (full 2):
 PSYoungGen      total 90624K, used 0K [0x00000000f0000000, 0x00000000f6280000, 0x0000000100000000)
  eden space 80384K, 0% used [0x00000000f0000000,0x00000000f0000000,0x00000000f4e80000)
  from space 10240K, 0% used [0x00000000f4e80000,0x00000000f4e80000,0x00000000f5880000)
  to   space 9216K, 0% used [0x00000000f5980000,0x00000000f5980000,0x00000000f6280000)
 ParOldGen       total 54272K, used 15770K [0x00000000d0000000, 0x00000000d3500000, 0x00000000f0000000)
  object space 54272K, 29% used [0x00000000d0000000,0x00000000d0f66ad8,0x00000000d3500000)
 Metaspace       used 34609K, capacity 35268K, committed 35416K, reserved 1079296K
  class space    used 4749K, capacity 4965K, committed 4992K, reserved 1048576K
}
Event: 18.876 GC heap before
{Heap before GC invocations=14 (full 2):
 PSYoungGen      total 90624K, used 80384K [0x00000000f0000000, 0x00000000f6280000, 0x0000000100000000)
  eden space 80384K, 100% used [0x00000000f0000000,0x00000000f4e80000,0x00000000f4e80000)
  from space 10240K, 0% used [0x00000000f4e80000,0x00000000f4e80000,0x00000000f5880000)
  to   space 9216K, 0% used [0x00000000f5980000,0x00000000f5980000,0x00000000f6280000)
 ParOldGen       total 54272K, used 15770K [0x00000000d0000000, 0x00000000d3500000, 0x00000000f0000000)
  object space 54272K, 29% used [0x00000000d0000000,0x00000000d0f66ad8,0x00000000d3500000)
 Metaspace       used 43436K, capacity 44314K, committed 44632K, reserved 1087488K
  class space    used 5879K, capacity 6147K, committed 6272K, reserved 1048576K
Event: 18.889 GC heap after
Heap after GC invocations=14 (full 2):
 PSYoungGen      total 89600K, used 9208K [0x00000000f0000000, 0x00000000f6280000, 0x0000000100000000)
  eden space 80384K, 0% used [0x00000000f0000000,0x00000000f0000000,0x00000000f4e80000)
  from space 9216K, 99% used [0x00000000f5980000,0x00000000f627e000,0x00000000f6280000)
  to   space 10240K, 0% used [0x00000000f4e80000,0x00000000f4e80000,0x00000000f5880000)
 ParOldGen       total 54272K, used 17593K [0x00000000d0000000, 0x00000000d3500000, 0x00000000f0000000)
  object space 54272K, 32% used [0x00000000d0000000,0x00000000d112e7e8,0x00000000d3500000)
 Metaspace       used 43436K, capacity 44314K, committed 44632K, reserved 1087488K
  class space    used 5879K, capacity 6147K, committed 6272K, reserved 1048576K
}

